2024-12-06 22:38:48,594 - DEBUG - Connecting to 10.232.62.130:22 as admin
2024-12-06 22:38:48,646 - DEBUG - starting thread (client mode): 0x42710880
2024-12-06 22:38:48,646 - DEBUG - Local version/idstring: SSH-2.0-paramiko_3.4.0
2024-12-06 22:38:48,836 - DEBUG - Remote version/idstring: SSH-2.0-OpenSSH_7.8
2024-12-06 22:38:48,836 - INFO - Connected (version 2.0, client OpenSSH_7.8)
2024-12-06 22:38:48,862 - DEBUG - === Key exchange possibilities ===
2024-12-06 22:38:48,862 - DEBUG - kex algos: ecdh-sha2-nistp256, ecdh-sha2-nistp384, ecdh-sha2-nistp521, diffie-hellman-group18-sha512, diffie-hellman-group14-sha1
2024-12-06 22:38:48,862 - DEBUG - server key: ssh-rsa, ecdsa-sha2-nistp256
2024-12-06 22:38:48,862 - DEBUG - client encrypt: aes128-ctr, aes192-ctr, aes256-ctr, aes128-gcm@openssh.com, aes256-gcm@openssh.com
2024-12-06 22:38:48,862 - DEBUG - server encrypt: aes128-ctr, aes192-ctr, aes256-ctr, aes128-gcm@openssh.com, aes256-gcm@openssh.com
2024-12-06 22:38:48,862 - DEBUG - client mac: hmac-sha2-256-etm@openssh.com, hmac-sha2-512-etm@openssh.com, hmac-sha2-256, hmac-sha2-512
2024-12-06 22:38:48,862 - DEBUG - server mac: hmac-sha2-256-etm@openssh.com, hmac-sha2-512-etm@openssh.com, hmac-sha2-256, hmac-sha2-512
2024-12-06 22:38:48,862 - DEBUG - client compress: none, zlib@openssh.com
2024-12-06 22:38:48,862 - DEBUG - server compress: none, zlib@openssh.com
2024-12-06 22:38:48,862 - DEBUG - client lang: <none>
2024-12-06 22:38:48,862 - DEBUG - server lang: <none>
2024-12-06 22:38:48,862 - DEBUG - kex follows: False
2024-12-06 22:38:48,862 - DEBUG - === Key exchange agreements ===
2024-12-06 22:38:48,862 - DEBUG - Kex: ecdh-sha2-nistp256
2024-12-06 22:38:48,862 - DEBUG - HostKey: ecdsa-sha2-nistp256
2024-12-06 22:38:48,862 - DEBUG - Cipher: aes128-ctr
2024-12-06 22:38:48,862 - DEBUG - MAC: hmac-sha2-256
2024-12-06 22:38:48,862 - DEBUG - Compression: none
2024-12-06 22:38:48,862 - DEBUG - === End of kex handshake ===
2024-12-06 22:38:48,911 - DEBUG - kex engine KexNistp256 specified hash_algo <built-in function openssl_sha256>
2024-12-06 22:38:48,912 - DEBUG - Switch to new keys ...
2024-12-06 22:38:48,913 - DEBUG - Adding ecdsa-sha2-nistp256 host key for 10.232.62.130: b'a5a1d2b54cf9ae634f74530644111269'
2024-12-06 22:38:48,913 - DEBUG - Got EXT_INFO: {'server-sig-algs': b'ssh-ed25519,ssh-rsa,rsa-sha2-256,rsa-sha2-512,ssh-dss,ecdsa-sha2-nistp256,ecdsa-sha2-nistp384,ecdsa-sha2-nistp521'}
2024-12-06 22:38:48,986 - DEBUG - userauth is OK
2024-12-06 22:38:49,016 - INFO - Authentication (password) successful!
2024-12-06 22:38:49,016 - DEBUG - SSH connection established successfully.
2024-12-06 22:38:49,017 - DEBUG - [chan 0] Max packet in: 32768 bytes
2024-12-06 22:38:49,039 - DEBUG - Received global request "hostkeys-00@openssh.com"
2024-12-06 22:38:49,039 - DEBUG - Rejecting "hostkeys-00@openssh.com" global request from server.
2024-12-06 22:38:49,107 - DEBUG - [chan 0] Max packet out: 32768 bytes
2024-12-06 22:38:49,107 - DEBUG - Secsh channel 0 opened.
2024-12-06 22:38:49,130 - DEBUG - [chan 0] Sesch channel 0 request ok
2024-12-06 22:38:49,165 - DEBUG - [chan 0] Sesch channel 0 request ok
2024-12-06 22:38:49,167 - DEBUG - Interactive shell session opened.
2024-12-06 22:38:50,012 - DEBUG - Received data:
HO-ABD-AP001-00>
2024-12-06 22:38:50,169 - DEBUG - Sending partial command: 'terminal length 0'
2024-12-06 22:38:50,215 - DEBUG - Received data:
t
2024-12-06 22:38:50,317 - DEBUG - Received data:
e
2024-12-06 22:38:50,418 - DEBUG - Received data:
r
2024-12-06 22:38:50,519 - DEBUG - Received data:
m
2024-12-06 22:38:50,620 - DEBUG - Received data:
i
2024-12-06 22:38:50,721 - DEBUG - Received data:
n
2024-12-06 22:38:50,822 - DEBUG - Received data:
a
2024-12-06 22:38:50,927 - DEBUG - Received data:
l
2024-12-06 22:38:51,031 - DEBUG - Received data:
 
2024-12-06 22:38:51,132 - DEBUG - Received data:
l
2024-12-06 22:38:51,233 - DEBUG - Received data:
e
2024-12-06 22:38:51,334 - DEBUG - Received data:
n
2024-12-06 22:38:51,435 - DEBUG - Received data:
g
2024-12-06 22:38:51,536 - DEBUG - Received data:
t
2024-12-06 22:38:51,643 - DEBUG - Received data:
h
2024-12-06 22:38:51,746 - DEBUG - Received data:
 
2024-12-06 22:38:51,847 - DEBUG - Received data:
0
2024-12-06 22:38:52,896 - DEBUG - Pagination disabled.
2024-12-06 22:38:52,896 - DEBUG - Sending partial command: 'show '
2024-12-06 22:38:52,979 - DEBUG - Received data:
s
2024-12-06 22:38:53,081 - DEBUG - Received data:
h
2024-12-06 22:38:53,183 - DEBUG - Received data:
o
2024-12-06 22:38:53,284 - DEBUG - Received data:
w
2024-12-06 22:38:53,385 - DEBUG - Received data:
 
2024-12-06 22:38:53,400 - DEBUG - Sent Tab character to trigger suggestions.
2024-12-06 22:38:53,401 - DEBUG - Waiting for 3 seconds to receive suggestions.
2024-12-06 22:38:53,486 - DEBUG - Received data:
HO-ABD-AP001-00>terminal length 0show 
2024-12-06 22:38:56,405 - DEBUG - Parsed suggestions: ['show \x07']
2024-12-06 22:38:56,405 - DEBUG - Output saved to command_output.json
2024-12-06 22:38:56,405 - DEBUG - EOF in transport thread
2024-12-06 22:38:56,405 - DEBUG - Disconnected from SSH.
2024-12-09 11:53:13,850 - DEBUG - Connecting to 10.232.62.130:22 as admin
2024-12-09 11:53:13,951 - DEBUG - starting thread (client mode): 0xdab60880
2024-12-09 11:53:13,951 - DEBUG - Local version/idstring: SSH-2.0-paramiko_3.4.0
2024-12-09 11:53:14,159 - DEBUG - Remote version/idstring: SSH-2.0-OpenSSH_7.8
2024-12-09 11:53:14,159 - INFO - Connected (version 2.0, client OpenSSH_7.8)
2024-12-09 11:53:14,183 - DEBUG - === Key exchange possibilities ===
2024-12-09 11:53:14,183 - DEBUG - kex algos: ecdh-sha2-nistp256, ecdh-sha2-nistp384, ecdh-sha2-nistp521, diffie-hellman-group18-sha512, diffie-hellman-group14-sha1
2024-12-09 11:53:14,183 - DEBUG - server key: ssh-rsa, ecdsa-sha2-nistp256
2024-12-09 11:53:14,183 - DEBUG - client encrypt: aes128-ctr, aes192-ctr, aes256-ctr, aes128-gcm@openssh.com, aes256-gcm@openssh.com
2024-12-09 11:53:14,185 - DEBUG - server encrypt: aes128-ctr, aes192-ctr, aes256-ctr, aes128-gcm@openssh.com, aes256-gcm@openssh.com
2024-12-09 11:53:14,185 - DEBUG - client mac: hmac-sha2-256-etm@openssh.com, hmac-sha2-512-etm@openssh.com, hmac-sha2-256, hmac-sha2-512
2024-12-09 11:53:14,185 - DEBUG - server mac: hmac-sha2-256-etm@openssh.com, hmac-sha2-512-etm@openssh.com, hmac-sha2-256, hmac-sha2-512
2024-12-09 11:53:14,186 - DEBUG - client compress: none, zlib@openssh.com
2024-12-09 11:53:14,186 - DEBUG - server compress: none, zlib@openssh.com
2024-12-09 11:53:14,187 - DEBUG - client lang: <none>
2024-12-09 11:53:14,187 - DEBUG - server lang: <none>
2024-12-09 11:53:14,187 - DEBUG - kex follows: False
2024-12-09 11:53:14,187 - DEBUG - === Key exchange agreements ===
2024-12-09 11:53:14,187 - DEBUG - Kex: ecdh-sha2-nistp256
2024-12-09 11:53:14,188 - DEBUG - HostKey: ecdsa-sha2-nistp256
2024-12-09 11:53:14,188 - DEBUG - Cipher: aes128-ctr
2024-12-09 11:53:14,188 - DEBUG - MAC: hmac-sha2-256
2024-12-09 11:53:14,189 - DEBUG - Compression: none
2024-12-09 11:53:14,189 - DEBUG - === End of kex handshake ===
2024-12-09 11:53:14,229 - DEBUG - kex engine KexNistp256 specified hash_algo <built-in function openssl_sha256>
2024-12-09 11:53:14,231 - DEBUG - Switch to new keys ...
2024-12-09 11:53:14,236 - DEBUG - Adding ecdsa-sha2-nistp256 host key for 10.232.62.130: b'a5a1d2b54cf9ae634f74530644111269'
2024-12-09 11:53:14,237 - DEBUG - Got EXT_INFO: {'server-sig-algs': b'ssh-ed25519,ssh-rsa,rsa-sha2-256,rsa-sha2-512,ssh-dss,ecdsa-sha2-nistp256,ecdsa-sha2-nistp384,ecdsa-sha2-nistp521'}
2024-12-09 11:53:14,310 - DEBUG - userauth is OK
2024-12-09 11:53:14,346 - INFO - Authentication (password) successful!
2024-12-09 11:53:14,347 - DEBUG - SSH connection established successfully.
2024-12-09 11:53:14,348 - DEBUG - [chan 0] Max packet in: 32768 bytes
2024-12-09 11:53:14,369 - DEBUG - Received global request "hostkeys-00@openssh.com"
2024-12-09 11:53:14,370 - DEBUG - Rejecting "hostkeys-00@openssh.com" global request from server.
2024-12-09 11:53:14,432 - DEBUG - [chan 0] Max packet out: 32768 bytes
2024-12-09 11:53:14,433 - DEBUG - Secsh channel 0 opened.
2024-12-09 11:53:14,458 - DEBUG - [chan 0] Sesch channel 0 request ok
2024-12-09 11:53:14,480 - DEBUG - [chan 0] Sesch channel 0 request ok
2024-12-09 11:53:14,480 - DEBUG - Interactive shell session opened.
2024-12-09 11:53:15,334 - DEBUG - Received data:
HO-ABD-AP001-00>
2024-12-09 11:53:15,487 - DEBUG - Sending partial command: 'terminal length 0'
2024-12-09 11:53:15,536 - DEBUG - Received data:
t
2024-12-09 11:53:15,638 - DEBUG - Received data:
e
2024-12-09 11:53:15,739 - DEBUG - Received data:
r
2024-12-09 11:53:15,841 - DEBUG - Received data:
m
2024-12-09 11:53:15,943 - DEBUG - Received data:
i
2024-12-09 11:53:16,048 - DEBUG - Received data:
n
2024-12-09 11:53:16,154 - DEBUG - Received data:
a
2024-12-09 11:53:16,256 - DEBUG - Received data:
l
2024-12-09 11:53:16,357 - DEBUG - Received data:
 
2024-12-09 11:53:16,458 - DEBUG - Received data:
l
2024-12-09 11:53:16,559 - DEBUG - Received data:
e
2024-12-09 11:53:16,660 - DEBUG - Received data:
n
2024-12-09 11:53:16,761 - DEBUG - Received data:
g
2024-12-09 11:53:16,862 - DEBUG - Received data:
t
2024-12-09 11:53:16,965 - DEBUG - Received data:
h
2024-12-09 11:53:17,067 - DEBUG - Received data:
 
2024-12-09 11:53:17,168 - DEBUG - Received data:
0
2024-12-09 11:53:18,208 - DEBUG - Pagination disabled.
2024-12-09 11:53:18,208 - DEBUG - Sending partial command: 'show '
2024-12-09 11:53:18,210 - DEBUG - EOF in transport thread
2024-12-09 11:53:18,211 - DEBUG - Disconnected from SSH.
