2024-11-26 12:04:52,335 - INFO - SNMPv2-SMI::iso.0.8802.1.1.1.1.2.4.1.9.9 = 34-5D-A8-72-57-0C
2024-11-26 12:04:52,351 - INFO - SNMPv2-SMI::iso.0.8802.1.1.1.1.2.4.1.9.10 = 
2024-11-26 12:04:52,366 - INFO - SNMPv2-SMI::iso.0.8802.1.1.1.1.2.4.1.9.11 = 
2024-11-26 12:04:52,382 - INFO - SNMPv2-SMI::iso.0.8802.1.1.1.1.2.4.1.9.12 = 
2024-11-26 12:04:52,398 - INFO - SNMPv2-SMI::iso.0.8802.1.1.1.1.2.4.1.9.13 = 74-11-B2-BD-E2-60
2024-11-26 12:04:52,429 - INFO - SNMPv2-SMI::iso.0.8802.1.1.1.1.2.4.1.9.14 = 
2024-11-26 12:04:52,435 - INFO - SNMPv2-SMI::iso.0.8802.1.1.1.1.2.4.1.9.15 = 
2024-11-26 12:04:52,451 - INFO - SNMPv2-SMI::iso.0.8802.1.1.1.1.2.4.1.9.16 = 
2024-11-26 12:04:52,467 - INFO - SNMPv2-SMI::iso.0.8802.1.1.1.1.2.4.1.9.17 = C4-D6-66-B7-AB-20
2024-11-26 12:04:52,498 - INFO - SNMPv2-SMI::iso.0.8802.1.1.1.1.2.4.1.9.18 = 
2024-11-26 12:04:52,530 - INFO - SNMPv2-SMI::iso.0.8802.1.1.1.1.2.4.1.9.19 = 
2024-11-26 12:04:52,536 - INFO - SNMPv2-SMI::iso.0.8802.1.1.1.1.2.4.1.9.20 = 
2024-11-26 12:04:52,551 - INFO - SNMPv2-SMI::iso.0.8802.1.1.1.1.2.4.1.9.21 = 
2024-11-26 12:04:52,567 - INFO - SNMPv2-SMI::iso.0.8802.1.1.1.1.2.4.1.9.22 = 
2024-11-26 12:04:52,583 - INFO - SNMPv2-SMI::iso.0.8802.1.1.1.1.2.4.1.9.23 = 
2024-11-26 12:04:52,614 - INFO - SNMPv2-SMI::iso.0.8802.1.1.1.1.2.4.1.9.24 = 
2024-11-26 12:04:52,641 - INFO - SNMPv2-SMI::iso.0.8802.1.1.1.1.2.4.1.9.25 = 
2024-11-26 12:04:52,655 - INFO - SNMPv2-SMI::iso.0.8802.1.1.1.1.2.4.1.9.26 = 
2024-11-26 12:04:52,677 - INFO - SNMPv2-SMI::iso.0.8802.1.1.1.1.2.4.1.9.27 = 
2024-11-26 12:04:52,700 - INFO - SNMPv2-SMI::iso.0.8802.1.1.1.1.2.4.1.9.28 = 
2024-11-26 12:04:52,723 - INFO - SNMPv2-SMI::iso.0.8802.1.1.1.1.2.4.1.9.29 = 
2024-11-26 12:04:52,744 - INFO - SNMPv2-SMI::iso.0.8802.1.1.1.1.2.4.1.9.30 = 
2024-11-26 12:04:52,756 - INFO - SNMPv2-SMI::iso.0.8802.1.1.1.1.2.4.1.9.31 = 
2024-11-26 12:04:52,770 - INFO - SNMPv2-SMI::iso.0.8802.1.1.1.1.2.4.1.9.32 = 
2024-11-26 12:04:52,785 - INFO - SNMPv2-SMI::iso.0.8802.1.1.1.1.2.4.1.9.33 = 
2024-11-26 12:04:52,816 - INFO - SNMPv2-SMI::iso.0.8802.1.1.1.1.2.4.1.9.34 = 
2024-11-26 12:04:52,837 - INFO - SNMPv2-SMI::iso.0.8802.1.1.1.1.2.4.1.9.35 = 
2024-11-26 12:04:52,852 - INFO - SNMPv2-SMI::iso.0.8802.1.1.1.1.2.4.1.9.36 = 
2024-11-26 12:04:52,870 - INFO - SNMPv2-SMI::iso.0.8802.1.1.1.1.2.4.1.9.37 = 
2024-11-26 12:04:52,886 - INFO - SNMPv2-SMI::iso.0.8802.1.1.1.1.2.4.1.9.38 = 64167F3B19D1@poise.homeoffice.local
2024-11-26 12:04:52,898 - INFO - SNMPv2-SMI::iso.0.8802.1.1.1.1.2.4.1.9.39 = 
2024-11-26 12:04:52,914 - INFO - SNMPv2-SMI::iso.0.8802.1.1.1.1.2.4.1.9.40 = 
2024-11-26 12:04:52,927 - INFO - SNMPv2-SMI::iso.0.8802.1.1.1.1.2.4.1.9.41 = 
2024-11-26 12:04:52,944 - INFO - SNMPv2-SMI::iso.0.8802.1.1.1.1.2.4.1.9.42 = 
2024-11-26 12:04:52,960 - INFO - SNMPv2-SMI::iso.0.8802.1.1.1.1.2.4.1.9.43 = 
2024-11-26 12:04:52,982 - INFO - SNMPv2-SMI::iso.0.8802.1.1.1.1.2.4.1.9.44 = 
2024-11-26 12:04:52,996 - INFO - SNMPv2-SMI::iso.0.8802.1.1.1.1.2.4.1.9.45 = 
2024-11-26 12:04:53,010 - INFO - SNMPv2-SMI::iso.0.8802.1.1.1.1.2.4.1.9.46 = 2C-5A-0F-60-19-5A
2024-11-26 12:04:53,021 - INFO - SNMPv2-SMI::iso.0.8802.1.1.1.1.2.4.1.9.47 = 
2024-11-26 12:04:53,038 - INFO - SNMPv2-SMI::iso.0.8802.1.1.1.1.2.4.1.9.48 = 
2024-11-26 12:04:53,038 - INFO - SNMPv2-SMI::iso.0.8802.1.1.1.1.2.4.1.9.49 = 7C-21-0E-1F-05-AC
2024-11-26 12:04:53,054 - INFO - SNMPv2-SMI::iso.0.8802.1.1.1.1.2.4.1.9.50 = 
2024-11-26 12:04:53,069 - INFO - SNMPv2-SMI::iso.0.8802.1.1.1.1.2.4.1.9.51 = 
2024-11-26 12:04:53,092 - INFO - SNMPv2-SMI::iso.0.8802.1.1.1.1.2.4.1.9.52 = 
2024-11-26 12:04:53,111 - INFO - SNMPv2-SMI::iso.0.8802.1.1.1.1.2.4.1.9.53 = 
2024-11-26 12:04:53,131 - INFO - SNMPv2-SMI::iso.0.8802.1.1.1.1.2.4.1.9.54 = 
2024-11-26 12:04:53,138 - INFO - SNMPv2-SMI::iso.0.8802.1.1.1.1.2.4.1.9.55 = 00-3A-7D-2B-DA-A8
2024-11-26 12:04:53,176 - INFO - SNMPv2-SMI::iso.0.8802.1.1.1.1.2.4.1.9.56 = 
2024-11-26 12:04:53,218 - INFO - SNMPv2-SMI::iso.0.8802.1.1.1.1.2.4.1.9.65 = 
2024-11-26 12:04:53,243 - INFO - SNMP walk completed successfully.
